<?xml version="1.0" encoding="utf-8"?><testsuites name="pytest tests"><testsuite name="pytest" errors="0" failures="7" skipped="0" tests="21" time="1.499" timestamp="2026-02-07T00:05:04.653602+00:00" hostname="agent-env-8c5422d2-9389-4bea-a2f8-ca7f536a8822"><testcase classname="backend.tests.test_admin_topics.TestAdminStats" name="test_get_admin_stats" time="0.392" /><testcase classname="backend.tests.test_admin_topics.TestAdminRolesAndFactions" name="test_get_roles_list" time="0.042" /><testcase classname="backend.tests.test_admin_topics.TestAdminRolesAndFactions" name="test_get_factions_list" time="0.043" /><testcase classname="backend.tests.test_admin_topics.TestAdminRolesAndFactions" name="test_get_departments_list" time="0.044" /><testcase classname="backend.tests.test_admin_topics.TestAdminUserManagement" name="test_get_all_users" time="0.050" /><testcase classname="backend.tests.test_admin_topics.TestAdminUserManagement" name="test_filter_users_by_faction" time="0.040" /><testcase classname="backend.tests.test_admin_topics.TestAdminUserManagement" name="test_filter_users_by_role" time="0.037" /><testcase classname="backend.tests.test_admin_topics.TestAdminUserManagement" name="test_create_user" time="0.038"><failure message="AssertionError: Failed: {&quot;detail&quot;:&quot;Для начальника/заместителя отдела необходимо указать фракцию и отдел&quot;}&#10;assert 400 == 200&#10; +  where 400 = &lt;Response [400]&gt;.status_code">backend/tests/test_admin_topics.py:214: in test_create_user
    assert response.status_code == 200, f"Failed: {response.text}"
E   AssertionError: Failed: {"detail":"Для начальника/заместителя отдела необходимо указать фракцию и отдел"}
E   assert 400 == 200
E    +  where 400 = &lt;Response [400]&gt;.status_code</failure></testcase><testcase classname="backend.tests.test_admin_topics.TestAdminUserManagement" name="test_create_user_duplicate_email" time="0.042" /><testcase classname="backend.tests.test_admin_topics.TestAdminUserManagement" name="test_get_user_by_id" time="0.042"><failure message="assert 400 == 200&#10; +  where 400 = &lt;Response [400]&gt;.status_code">backend/tests/test_admin_topics.py:260: in test_get_user_by_id
    assert create_response.status_code == 200
E   assert 400 == 200
E    +  where 400 = &lt;Response [400]&gt;.status_code</failure></testcase><testcase classname="backend.tests.test_admin_topics.TestAdminUserManagement" name="test_update_user" time="0.038"><failure message="assert 400 == 200&#10; +  where 400 = &lt;Response [400]&gt;.status_code">backend/tests/test_admin_topics.py:289: in test_update_user
    assert create_response.status_code == 200
E   assert 400 == 200
E    +  where 400 = &lt;Response [400]&gt;.status_code</failure></testcase><testcase classname="backend.tests.test_admin_topics.TestAdminUserManagement" name="test_deactivate_user" time="0.038"><failure message="assert 400 == 200&#10; +  where 400 = &lt;Response [400]&gt;.status_code">backend/tests/test_admin_topics.py:324: in test_deactivate_user
    assert create_response.status_code == 200
E   assert 400 == 200
E    +  where 400 = &lt;Response [400]&gt;.status_code</failure></testcase><testcase classname="backend.tests.test_admin_topics.TestAdminUserManagement" name="test_activate_user" time="0.039"><failure message="assert 400 == 200&#10; +  where 400 = &lt;Response [400]&gt;.status_code">backend/tests/test_admin_topics.py:358: in test_activate_user
    assert create_response.status_code == 200
E   assert 400 == 200
E    +  where 400 = &lt;Response [400]&gt;.status_code</failure></testcase><testcase classname="backend.tests.test_admin_topics.TestDepartmentTopics" name="test_get_department_lecture_topics" time="0.080" /><testcase classname="backend.tests.test_admin_topics.TestDepartmentTopics" name="test_get_department_training_topics" time="0.036" /><testcase classname="backend.tests.test_admin_topics.TestDepartmentTopics" name="test_create_department_lecture_topic" time="0.049"><failure message="KeyError: 'department_id'">backend/tests/test_admin_topics.py:437: in test_create_department_lecture_topic
    assert data["department_id"] == test_department_id
           ^^^^^^^^^^^^^^^^^^^^^
E   KeyError: 'department_id'</failure></testcase><testcase classname="backend.tests.test_admin_topics.TestDepartmentTopics" name="test_create_department_training_topic" time="0.050"><failure message="KeyError: 'department_id'">backend/tests/test_admin_topics.py:460: in test_create_department_training_topic
    assert data["department_id"] == test_department_id
           ^^^^^^^^^^^^^^^^^^^^^
E   KeyError: 'department_id'</failure></testcase><testcase classname="backend.tests.test_admin_topics.TestDepartmentTopics" name="test_delete_department_lecture_topic" time="0.082" /><testcase classname="backend.tests.test_admin_topics.TestDepartmentTopics" name="test_delete_department_training_topic" time="0.093" /><testcase classname="backend.tests.test_admin_topics.TestAdminAccessControl" name="test_unauthorized_access_to_admin_stats" time="0.037" /><testcase classname="backend.tests.test_admin_topics.TestAdminAccessControl" name="test_unauthorized_access_to_admin_users" time="0.039" /></testsuite></testsuites>