<?xml version="1.0" encoding="utf-8"?><testsuites name="pytest tests"><testsuite name="pytest" errors="0" failures="0" skipped="0" tests="22" time="3.307" timestamp="2026-02-07T00:05:44.882322+00:00" hostname="agent-env-8c5422d2-9389-4bea-a2f8-ca7f536a8822"><testcase classname="backend.tests.test_admin_topics.TestAdminStats" name="test_get_admin_stats" time="0.400" /><testcase classname="backend.tests.test_admin_topics.TestAdminRolesAndFactions" name="test_get_roles_list" time="0.042" /><testcase classname="backend.tests.test_admin_topics.TestAdminRolesAndFactions" name="test_get_factions_list" time="0.047" /><testcase classname="backend.tests.test_admin_topics.TestAdminRolesAndFactions" name="test_get_departments_list" time="0.043" /><testcase classname="backend.tests.test_admin_topics.TestAdminUserManagement" name="test_get_all_users" time="0.043" /><testcase classname="backend.tests.test_admin_topics.TestAdminUserManagement" name="test_filter_users_by_faction" time="0.045" /><testcase classname="backend.tests.test_admin_topics.TestAdminUserManagement" name="test_filter_users_by_role" time="0.047" /><testcase classname="backend.tests.test_admin_topics.TestAdminUserManagement" name="test_create_user" time="0.282" /><testcase classname="backend.tests.test_admin_topics.TestAdminUserManagement" name="test_create_user_duplicate_email" time="0.057" /><testcase classname="backend.tests.test_admin_topics.TestAdminUserManagement" name="test_get_user_by_id" time="0.328" /><testcase classname="backend.tests.test_admin_topics.TestAdminUserManagement" name="test_create_user_with_department" time="0.329" /><testcase classname="backend.tests.test_admin_topics.TestAdminUserManagement" name="test_update_user" time="0.355" /><testcase classname="backend.tests.test_admin_topics.TestAdminUserManagement" name="test_deactivate_user" time="0.351" /><testcase classname="backend.tests.test_admin_topics.TestAdminUserManagement" name="test_activate_user" time="0.398" /><testcase classname="backend.tests.test_admin_topics.TestDepartmentTopics" name="test_get_department_lecture_topics" time="0.039" /><testcase classname="backend.tests.test_admin_topics.TestDepartmentTopics" name="test_get_department_training_topics" time="0.081" /><testcase classname="backend.tests.test_admin_topics.TestDepartmentTopics" name="test_create_department_lecture_topic" time="0.042" /><testcase classname="backend.tests.test_admin_topics.TestDepartmentTopics" name="test_create_department_training_topic" time="0.039" /><testcase classname="backend.tests.test_admin_topics.TestDepartmentTopics" name="test_delete_department_lecture_topic" time="0.087" /><testcase classname="backend.tests.test_admin_topics.TestDepartmentTopics" name="test_delete_department_training_topic" time="0.079" /><testcase classname="backend.tests.test_admin_topics.TestAdminAccessControl" name="test_unauthorized_access_to_admin_stats" time="0.035" /><testcase classname="backend.tests.test_admin_topics.TestAdminAccessControl" name="test_unauthorized_access_to_admin_users" time="0.040" /></testsuite></testsuites>