<?xml version="1.0" encoding="utf-8"?><testsuites name="pytest tests"><testsuite name="pytest" errors="0" failures="0" skipped="0" tests="15" time="5.460" timestamp="2026-02-07T01:48:11.227726+00:00" hostname="agent-env-c4771a41-ab8a-449b-b9c7-5301a0242d07"><testcase classname="tests.test_card_view_feature.TestAuthentication" name="test_login_developer" time="0.348" /><testcase classname="tests.test_card_view_feature.TestDepartmentAPI" name="test_get_factions" time="0.309" /><testcase classname="tests.test_card_view_feature.TestDepartmentAPI" name="test_get_fsb_faction" time="0.347" /><testcase classname="tests.test_card_view_feature.TestDepartmentAPI" name="test_get_fsb_departments" time="0.346" /><testcase classname="tests.test_card_view_feature.TestDepartmentAPI" name="test_get_department_by_id" time="0.390" /><testcase classname="tests.test_card_view_feature.TestTopicsAPI" name="test_get_lecture_topics_for_faction" time="0.306" /><testcase classname="tests.test_card_view_feature.TestTopicsAPI" name="test_get_training_topics_for_faction" time="0.302" /><testcase classname="tests.test_card_view_feature.TestWeeksAndTableData" name="test_get_current_week" time="0.342" /><testcase classname="tests.test_card_view_feature.TestWeeksAndTableData" name="test_get_table_data" time="0.387" /><testcase classname="tests.test_card_view_feature.TestWeeksAndTableData" name="test_save_table_data" time="0.411" /><testcase classname="tests.test_card_view_feature.TestDepartmentCRUD" name="test_create_and_delete_department" time="0.424" /><testcase classname="tests.test_card_view_feature.TestAdminPanel" name="test_get_admin_stats" time="0.352" /><testcase classname="tests.test_card_view_feature.TestAdminPanel" name="test_get_admin_users" time="0.341" /><testcase classname="tests.test_card_view_feature.TestRBACPermissions" name="test_developer_can_access_all_factions" time="0.417" /><testcase classname="tests.test_card_view_feature.TestRBACPermissions" name="test_developer_can_manage_departments" time="0.362" /></testsuite></testsuites>