<?xml version="1.0" encoding="utf-8"?><testsuites name="pytest tests"><testsuite name="pytest" errors="0" failures="0" skipped="0" tests="11" time="4.559" timestamp="2026-02-07T00:40:36.279114+00:00" hostname="agent-env-8c5422d2-9389-4bea-a2f8-ca7f536a8822"><testcase classname="tests.test_mobile_features.TestWeekArchive" name="test_get_department_weeks" time="0.532" /><testcase classname="tests.test_mobile_features.TestWeekArchive" name="test_get_current_week" time="0.442" /><testcase classname="tests.test_mobile_features.TestWeekArchive" name="test_get_week_table_data" time="0.472" /><testcase classname="tests.test_mobile_features.TestDepartmentCRUD" name="test_create_department" time="0.325" /><testcase classname="tests.test_mobile_features.TestDepartmentCRUD" name="test_delete_department" time="0.432" /><testcase classname="tests.test_mobile_features.TestDepartmentCRUD" name="test_get_faction_departments" time="0.323" /><testcase classname="tests.test_mobile_features.TestFactionEndpoints" name="test_get_all_factions" time="0.362" /><testcase classname="tests.test_mobile_features.TestFactionEndpoints" name="test_get_faction_by_code" time="0.365" /><testcase classname="tests.test_mobile_features.TestAdminEndpoints" name="test_get_admin_stats" time="0.453" /><testcase classname="tests.test_mobile_features.TestAdminEndpoints" name="test_get_admin_users" time="0.429" /><testcase classname="tests.test_mobile_features.TestAdminEndpoints" name="test_get_admin_roles" time="0.330" /></testsuite></testsuites>