<?xml version="1.0" encoding="utf-8"?><testsuites name="pytest tests"><testsuite name="pytest" errors="0" failures="0" skipped="0" tests="21" time="5.497" timestamp="2026-02-06T23:44:46.483931+00:00" hostname="agent-env-8c5422d2-9389-4bea-a2f8-ca7f536a8822"><testcase classname="tests.test_api.TestHealthCheck" name="test_api_root" time="0.086" /><testcase classname="tests.test_api.TestHealthCheck" name="test_health_endpoint" time="0.038" /><testcase classname="tests.test_api.TestAuth" name="test_login_success" time="0.292" /><testcase classname="tests.test_api.TestAuth" name="test_login_invalid_credentials" time="0.042" /><testcase classname="tests.test_api.TestAuth" name="test_login_missing_fields" time="0.040" /><testcase classname="tests.test_api.TestAuth" name="test_get_current_user" time="0.345" /><testcase classname="tests.test_api.TestAuth" name="test_unauthorized_access" time="0.042" /><testcase classname="tests.test_api.TestFactions" name="test_get_factions_list" time="0.306" /><testcase classname="tests.test_api.TestFactions" name="test_get_faction_by_code" time="0.307" /><testcase classname="tests.test_api.TestFactions" name="test_get_nonexistent_faction" time="0.307" /><testcase classname="tests.test_api.TestDepartments" name="test_get_faction_departments" time="0.350" /><testcase classname="tests.test_api.TestDepartments" name="test_create_department" time="0.314" /><testcase classname="tests.test_api.TestDepartments" name="test_get_nonexistent_department" time="0.301" /><testcase classname="tests.test_api.TestTopics" name="test_get_lecture_topics" time="0.303" /><testcase classname="tests.test_api.TestTopics" name="test_get_training_topics" time="0.308" /><testcase classname="tests.test_api.TestTopics" name="test_create_lecture_topic" time="0.308" /><testcase classname="tests.test_api.TestTopics" name="test_create_training_topic" time="0.345" /><testcase classname="tests.test_api.TestAuditLogs" name="test_get_audit_logs" time="0.306" /><testcase classname="tests.test_api.TestAuditLogs" name="test_filter_audit_logs_by_resource_type" time="0.304" /><testcase classname="tests.test_api.TestWeeks" name="test_get_current_week" time="0.345" /><testcase classname="tests.test_api.TestWeeks" name="test_get_week_table_data" time="0.424" /></testsuite></testsuites>