<?xml version="1.0" encoding="utf-8"?><testsuites name="pytest tests"><testsuite name="pytest" errors="0" failures="0" skipped="0" tests="9" time="2.906" timestamp="2026-02-07T00:53:17.958913+00:00" hostname="agent-env-8c5422d2-9389-4bea-a2f8-ca7f536a8822"><testcase classname="tests.test_rbac_permissions.TestRBACPermissions" name="test_01_developer_can_access_all_factions" time="0.467" /><testcase classname="tests.test_rbac_permissions.TestRBACPermissions" name="test_02_developer_can_manage_departments" time="0.331" /><testcase classname="tests.test_rbac_permissions.TestRBACPermissions" name="test_03_developer_can_manage_topics" time="0.309" /><testcase classname="tests.test_rbac_permissions.TestRBACPermissions" name="test_04_developer_can_view_audit_logs" time="0.273" /><testcase classname="tests.test_rbac_permissions.TestRBACPermissions" name="test_05_developer_can_manage_users" time="0.277" /><testcase classname="tests.test_rbac_permissions.TestRBACPermissions" name="test_06_permissions_module_exists" time="0.354" /><testcase classname="tests.test_rbac_permissions.TestRBACPermissions" name="test_07_deputy_can_edit_table_but_not_topics" time="0.301" /><testcase classname="tests.test_rbac_permissions.TestRBACPermissions" name="test_08_head_can_edit_table_and_topics" time="0.263" /><testcase classname="tests.test_rbac_permissions.TestRBACPermissions" name="test_09_leader_can_manage_faction_departments" time="0.265" /></testsuite></testsuites>