<?xml version="1.0" encoding="utf-8"?><testsuites name="pytest tests"><testsuite name="pytest" errors="0" failures="1" skipped="0" tests="13" time="4.094" timestamp="2026-02-07T02:08:26.291531+00:00" hostname="agent-env-c4771a41-ab8a-449b-b9c7-5301a0242d07"><testcase classname="backend.tests.test_senior_staff.TestSeniorStaffAPI" name="test_01_login_success" time="0.279" /><testcase classname="backend.tests.test_senior_staff.TestSeniorStaffAPI" name="test_02_get_senior_staff_table_fsb" time="0.272" /><testcase classname="backend.tests.test_senior_staff.TestSeniorStaffAPI" name="test_03_get_senior_staff_table_nonexistent_faction" time="0.275" /><testcase classname="backend.tests.test_senior_staff.TestSeniorStaffAPI" name="test_04_add_row_to_senior_staff" time="0.292" /><testcase classname="backend.tests.test_senior_staff.TestSeniorStaffAPI" name="test_05_update_senior_staff_table" time="0.381" /><testcase classname="backend.tests.test_senior_staff.TestSeniorStaffAPI" name="test_06_delete_row_from_senior_staff" time="0.334" /><testcase classname="backend.tests.test_senior_staff.TestSeniorStaffAPI" name="test_07_delete_invalid_row_index" time="0.265" /><testcase classname="backend.tests.test_senior_staff.TestSeniorStaffAPI" name="test_08_permission_check_for_other_factions" time="0.281"><failure message="AssertionError: Developer should access gibdd, got 520&#10;assert 520 == 200&#10; +  where 520 = &lt;Response [520]&gt;.status_code">backend/tests/test_senior_staff.py:172: in test_08_permission_check_for_other_factions
    assert response.status_code == 200, f"Developer should access {faction}, got {response.status_code}"
E   AssertionError: Developer should access gibdd, got 520
E   assert 520 == 200
E    +  where 520 = &lt;Response [520]&gt;.status_code</failure></testcase><testcase classname="backend.tests.test_senior_staff.TestSeniorStaffAPI" name="test_09_cleanup_test_data" time="0.285" /><testcase classname="backend.tests.test_senior_staff.TestDepartmentTableSave" name="test_01_get_departments_for_fsb" time="0.275" /><testcase classname="backend.tests.test_senior_staff.TestDepartmentTableSave" name="test_02_get_current_week" time="0.293" /><testcase classname="backend.tests.test_senior_staff.TestDepartmentTableSave" name="test_03_get_table_data" time="0.393" /><testcase classname="backend.tests.test_senior_staff.TestDepartmentTableSave" name="test_04_save_table_data" time="0.399" /></testsuite></testsuites>