<?xml version="1.0" encoding="utf-8"?><testsuites name="pytest tests"><testsuite name="pytest" errors="0" failures="0" skipped="0" tests="13" time="3.996" timestamp="2026-02-07T00:52:40.618944+00:00" hostname="agent-env-8c5422d2-9389-4bea-a2f8-ca7f536a8822"><testcase classname="tests.test_system_logic.TestSystemLogic" name="test_01_login_as_developer" time="0.330" /><testcase classname="tests.test_system_logic.TestSystemLogic" name="test_02_admin_stats" time="0.292" /><testcase classname="tests.test_system_logic.TestSystemLogic" name="test_03_admin_users_list" time="0.279" /><testcase classname="tests.test_system_logic.TestSystemLogic" name="test_04_factions_list" time="0.278" /><testcase classname="tests.test_system_logic.TestSystemLogic" name="test_05_fsb_faction_departments" time="0.285" /><testcase classname="tests.test_system_logic.TestSystemLogic" name="test_06_department_details" time="0.333" /><testcase classname="tests.test_system_logic.TestSystemLogic" name="test_07_lecture_topics" time="0.279" /><testcase classname="tests.test_system_logic.TestSystemLogic" name="test_08_training_topics" time="0.273" /><testcase classname="tests.test_system_logic.TestSystemLogic" name="test_09_current_week" time="0.362" /><testcase classname="tests.test_system_logic.TestSystemLogic" name="test_10_table_data" time="0.335" /><testcase classname="tests.test_system_logic.TestSystemLogic" name="test_11_create_department" time="0.290" /><testcase classname="tests.test_system_logic.TestSystemLogic" name="test_12_delete_department_button_exists" time="0.309" /><testcase classname="tests.test_system_logic.TestSystemLogic" name="test_13_weeks_archive" time="0.281" /></testsuite></testsuites>